apply category=network-ec2-vpc
apply category=network-ec2-vpc region=global
Initializing the backend...
Initializing provider plugins...
- Finding hashicorp/aws versions matching ">= 5.0.0"...
- Finding hashicorp/null versions matching ">= 3.0.0"...
- Installing hashicorp/aws v6.33.0...
- Installed hashicorp/aws v6.33.0 (signed by HashiCorp)
- Installing hashicorp/null v3.2.4...
- Installed hashicorp/null v3.2.4 (signed by HashiCorp)
Terraform has created a lock file .terraform.lock.hcl to record the provider
selections it made above. Include this file in your version control repository
so that Terraform can guarantee to make the same selections by default when
you run "terraform init" in the future.

Terraform has been successfully initialized!

You may now begin working with Terraform. Try running "terraform plan" to see
any changes that are required for your infrastructure. All Terraform commands
should now work.

If you ever set or change modules or backend configuration for Terraform,
rerun this command to reinitialize your working directory. If you forget, other
commands will detect it and remind you to do so if necessary.

Terraform used the selected providers to generate the following execution
plan. Resource actions are indicated with the following symbols:
  + create

Terraform will perform the following actions:

  # null_resource.fix_sg_restrict_world_ingress_64f3540bb7 will be created
  + resource "null_resource" "fix_sg_restrict_world_ingress_64f3540bb7" {
      + id       = (known after apply)
      + triggers = {
          + "security_group_id" = "sg-0be5312f2aa5d573e"
        }
    }

  # null_resource.fix_sg_restrict_world_ingress_d3e11e813a will be created
  + resource "null_resource" "fix_sg_restrict_world_ingress_d3e11e813a" {
      + id       = (known after apply)
      + triggers = {
          + "security_group_id" = "sg-012d9fe9e4a496a3e"
        }
    }

  # null_resource.fix_sg_restrict_world_ingress_fa2027404c will be created
  + resource "null_resource" "fix_sg_restrict_world_ingress_fa2027404c" {
      + id       = (known after apply)
      + triggers = {
          + "security_group_id" = "sg-06d3957eb72dba8f0"
        }
    }

Plan: 3 to add, 0 to change, 0 to destroy.

─────────────────────────────────────────────────────────────────────────────

Saved the plan to: tfplan

To perform exactly these actions, run the following command to apply:
    terraform apply "tfplan"
null_resource.fix_sg_restrict_world_ingress_64f3540bb7: Creating...
null_resource.fix_sg_restrict_world_ingress_fa2027404c: Creating...
null_resource.fix_sg_restrict_world_ingress_d3e11e813a: Creating...
null_resource.fix_sg_restrict_world_ingress_d3e11e813a: Provisioning with 'local-exec'...
null_resource.fix_sg_restrict_world_ingress_64f3540bb7: Provisioning with 'local-exec'...
null_resource.fix_sg_restrict_world_ingress_d3e11e813a (local-exec): Executing: ["/bin/bash" "-lc" "set -euo pipefail\nSG_ID=\"sg-012d9fe9e4a496a3e\"\nRULE_IDS=$(aws ec2 describe-security-group-rules --region \"$AWS_REGION\" \\\n  --filters Name=group-id,Values=\"$SG_ID\" \\\n  --query 'SecurityGroupRules[?IsEgress==`false` && (CidrIpv4==`0.0.0.0/0` || CidrIpv6==`::/0`)].SecurityGroupRuleId' \\\n  --output text || true)\nif [ -n \"$RULE_IDS\" ] && [ \"$RULE_IDS\" != \"None\" ]; then\n  aws ec2 revoke-security-group-ingress --region \"$AWS_REGION\" --group-id \"$SG_ID\" --security-group-rule-ids $RULE_IDS || true\nfi\n"]
null_resource.fix_sg_restrict_world_ingress_64f3540bb7 (local-exec): Executing: ["/bin/bash" "-lc" "set -euo pipefail\nSG_ID=\"sg-0be5312f2aa5d573e\"\nRULE_IDS=$(aws ec2 describe-security-group-rules --region \"$AWS_REGION\" \\\n  --filters Name=group-id,Values=\"$SG_ID\" \\\n  --query 'SecurityGroupRules[?IsEgress==`false` && (CidrIpv4==`0.0.0.0/0` || CidrIpv6==`::/0`)].SecurityGroupRuleId' \\\n  --output text || true)\nif [ -n \"$RULE_IDS\" ] && [ \"$RULE_IDS\" != \"None\" ]; then\n  aws ec2 revoke-security-group-ingress --region \"$AWS_REGION\" --group-id \"$SG_ID\" --security-group-rule-ids $RULE_IDS || true\nfi\n"]
null_resource.fix_sg_restrict_world_ingress_fa2027404c: Provisioning with 'local-exec'...
null_resource.fix_sg_restrict_world_ingress_fa2027404c (local-exec): Executing: ["/bin/bash" "-lc" "set -euo pipefail\nSG_ID=\"sg-06d3957eb72dba8f0\"\nRULE_IDS=$(aws ec2 describe-security-group-rules --region \"$AWS_REGION\" \\\n  --filters Name=group-id,Values=\"$SG_ID\" \\\n  --query 'SecurityGroupRules[?IsEgress==`false` && (CidrIpv4==`0.0.0.0/0` || CidrIpv6==`::/0`)].SecurityGroupRuleId' \\\n  --output text || true)\nif [ -n \"$RULE_IDS\" ] && [ \"$RULE_IDS\" != \"None\" ]; then\n  aws ec2 revoke-security-group-ingress --region \"$AWS_REGION\" --group-id \"$SG_ID\" --security-group-rule-ids $RULE_IDS || true\nfi\n"]
null_resource.fix_sg_restrict_world_ingress_64f3540bb7: Creation complete after 2s [id=7324495156526198683]
null_resource.fix_sg_restrict_world_ingress_d3e11e813a: Creation complete after 2s [id=6252726834947715594]
null_resource.fix_sg_restrict_world_ingress_fa2027404c: Creation complete after 2s [id=1992587899176073173]

Apply complete! Resources: 3 added, 0 changed, 0 destroyed.
